<?xml version="1.0" encoding="UTF-8"?>
<testsuite name="karthikeya.prog2.AppTest" tests="1" skipped="0" failures="0" errors="0" timestamp="2025-05-31T10:21:30.104Z" hostname="KARTHIKEYA" time="0.001">
  <properties/>
  <testcase name="testApp" classname="karthikeya.prog2.AppTest" time="0.001"/>
  <system-out><![CDATA[]]></system-out>
  <system-err><![CDATA[]]></system-err>
</testsuite>
